[2020-07-13 11:09:57.986][INFO][main com.example.socketio.SocketioApplication.logStarting:55] - [Starting SocketioApplication on LAPTOP-NFQDMTR9 with PID 9152 (E:\otherProjects\socketio\target\classes started by sq in E:\otherProjects\socketio)]
[2020-07-13 11:09:57.989][INFO][main com.example.socketio.SocketioApplication.logStartupProfileInfo:651] - [No active profile set, falling back to default profiles: default]
[2020-07-13 11:09:58.904][INFO][main o.s.boot.web.embedded.tomcat.TomcatWebServer.initialize:108] - [Tomcat initialized with port(s): 8080 (http)]
[2020-07-13 11:09:58.911][INFO][main org.apache.coyote.http11.Http11NioProtocol.log:173] - [Initializing ProtocolHandler ["http-nio-8080"]]
[2020-07-13 11:09:58.912][INFO][main org.apache.catalina.core.StandardService.log:173] - [Starting service [Tomcat]]
[2020-07-13 11:09:58.931][INFO][main org.apache.catalina.core.StandardEngine.log:173] - [Starting Servlet engine: [Apache Tomcat/9.0.36]]
[2020-07-13 11:09:59.286][INFO][main o.a.catalina.core.ContainerBase.[Tomcat].[localhost].[/].log:173] - [Initializing Spring embedded WebApplicationContext]
[2020-07-13 11:09:59.286][INFO][main o.s.b.w.s.context.ServletWebServerApplicationContext.prepareWebApplicationContext:285] - [Root WebApplicationContext: initialization completed in 1118 ms]
[2020-07-13 11:09:59.477][INFO][main o.s.scheduling.concurrent.ThreadPoolTaskExecutor.initialize:181] - [Initializing ExecutorService 'applicationTaskExecutor']
[2020-07-13 11:09:59.530][INFO][main o.s.b.a.web.servlet.WelcomePageHandlerMapping.<init>:54] - [Adding welcome page: ServletContext resource [/index.html]]
[2020-07-13 11:09:59.601][INFO][main org.apache.coyote.http11.Http11NioProtocol.log:173] - [Starting ProtocolHandler ["http-nio-8080"]]
[2020-07-13 11:09:59.624][INFO][main o.s.boot.web.embedded.tomcat.TomcatWebServer.start:220] - [Tomcat started on port(s): 8080 (http) with context path '']
[2020-07-13 11:09:59.632][INFO][main com.example.socketio.SocketioApplication.logStarted:61] - [Started SocketioApplication in 3.486 seconds (JVM running for 7.195)]
[2020-07-13 11:09:59.634][INFO][main com.corundumstudio.socketio.SocketIOServer.startAsync:128] - [Session store / pubsub factory used: MemoryStoreFactory (local session store only)]
[2020-07-13 11:10:00.409][INFO][nioEventLoopGroup-2-1 com.corundumstudio.socketio.SocketIOServer.operationComplete:153] - [SocketIO server started at port: 18080]
[2020-07-13 11:10:43.053][INFO][http-nio-8080-exec-1 o.a.catalina.core.ContainerBase.[Tomcat].[localhost].[/].log:173] - [Initializing Spring DispatcherServlet 'dispatcherServlet']
[2020-07-13 11:10:43.053][INFO][http-nio-8080-exec-1 org.springframework.web.servlet.DispatcherServlet.initServletBean:525] - [Initializing Servlet 'dispatcherServlet']
[2020-07-13 11:10:43.060][INFO][http-nio-8080-exec-1 org.springframework.web.servlet.DispatcherServlet.initServletBean:547] - [Completed initialization in 6 ms]
[2020-07-13 11:16:09.942][INFO][main com.example.socketio.SocketioApplication.logStarting:55] - [Starting SocketioApplication on LAPTOP-NFQDMTR9 with PID 3536 (E:\otherProjects\socketio\target\classes started by sq in E:\otherProjects\socketio)]
[2020-07-13 11:16:09.945][INFO][main com.example.socketio.SocketioApplication.logStartupProfileInfo:651] - [No active profile set, falling back to default profiles: default]
[2020-07-13 11:16:10.695][INFO][main o.s.boot.web.embedded.tomcat.TomcatWebServer.initialize:108] - [Tomcat initialized with port(s): 8080 (http)]
[2020-07-13 11:16:10.703][INFO][main org.apache.coyote.http11.Http11NioProtocol.log:173] - [Initializing ProtocolHandler ["http-nio-8080"]]
[2020-07-13 11:16:10.703][INFO][main org.apache.catalina.core.StandardService.log:173] - [Starting service [Tomcat]]
[2020-07-13 11:16:10.703][INFO][main org.apache.catalina.core.StandardEngine.log:173] - [Starting Servlet engine: [Apache Tomcat/9.0.36]]
[2020-07-13 11:16:10.990][INFO][main o.a.catalina.core.ContainerBase.[Tomcat].[localhost].[/].log:173] - [Initializing Spring embedded WebApplicationContext]
[2020-07-13 11:16:10.990][INFO][main o.s.b.w.s.context.ServletWebServerApplicationContext.prepareWebApplicationContext:285] - [Root WebApplicationContext: initialization completed in 1001 ms]
[2020-07-13 11:16:11.174][INFO][main o.s.scheduling.concurrent.ThreadPoolTaskExecutor.initialize:181] - [Initializing ExecutorService 'applicationTaskExecutor']
[2020-07-13 11:16:11.223][INFO][main o.s.b.a.web.servlet.WelcomePageHandlerMapping.<init>:54] - [Adding welcome page: ServletContext resource [/index.html]]
[2020-07-13 11:16:11.283][INFO][main org.apache.coyote.http11.Http11NioProtocol.log:173] - [Starting ProtocolHandler ["http-nio-8080"]]
[2020-07-13 11:16:11.306][INFO][main o.s.boot.web.embedded.tomcat.TomcatWebServer.start:220] - [Tomcat started on port(s): 8080 (http) with context path '']
[2020-07-13 11:16:11.313][INFO][main com.example.socketio.SocketioApplication.logStarted:61] - [Started SocketioApplication in 1.841 seconds (JVM running for 3.024)]
[2020-07-13 11:16:11.315][INFO][main com.corundumstudio.socketio.SocketIOServer.startAsync:128] - [Session store / pubsub factory used: MemoryStoreFactory (local session store only)]
[2020-07-13 11:16:12.038][INFO][nioEventLoopGroup-2-1 com.corundumstudio.socketio.SocketIOServer.operationComplete:153] - [SocketIO server started at port: 18080]
[2020-07-13 11:16:21.144][INFO][http-nio-8080-exec-1 o.a.catalina.core.ContainerBase.[Tomcat].[localhost].[/].log:173] - [Initializing Spring DispatcherServlet 'dispatcherServlet']
[2020-07-13 11:16:21.144][INFO][http-nio-8080-exec-1 org.springframework.web.servlet.DispatcherServlet.initServletBean:525] - [Initializing Servlet 'dispatcherServlet']
[2020-07-13 11:16:21.149][INFO][http-nio-8080-exec-1 org.springframework.web.servlet.DispatcherServlet.initServletBean:547] - [Completed initialization in 5 ms]
[2020-07-13 11:25:19.736][INFO][SpringContextShutdownHook o.s.scheduling.concurrent.ThreadPoolTaskExecutor.shutdown:218] - [Shutting down ExecutorService 'applicationTaskExecutor']
[2020-07-13 11:25:42.861][INFO][main com.example.socketio.SocketioApplication.logStarting:55] - [Starting SocketioApplication on LAPTOP-NFQDMTR9 with PID 13700 (E:\otherProjects\socketio\target\classes started by sq in E:\otherProjects\socketio)]
[2020-07-13 11:25:42.863][INFO][main com.example.socketio.SocketioApplication.logStartupProfileInfo:651] - [No active profile set, falling back to default profiles: default]
[2020-07-13 11:25:43.651][INFO][main o.s.boot.web.embedded.tomcat.TomcatWebServer.initialize:108] - [Tomcat initialized with port(s): 8080 (http)]
[2020-07-13 11:25:43.659][INFO][main org.apache.coyote.http11.Http11NioProtocol.log:173] - [Initializing ProtocolHandler ["http-nio-8080"]]
[2020-07-13 11:25:43.660][INFO][main org.apache.catalina.core.StandardService.log:173] - [Starting service [Tomcat]]
[2020-07-13 11:25:43.660][INFO][main org.apache.catalina.core.StandardEngine.log:173] - [Starting Servlet engine: [Apache Tomcat/9.0.36]]
[2020-07-13 11:25:43.736][INFO][main o.a.catalina.core.ContainerBase.[Tomcat].[localhost].[/].log:173] - [Initializing Spring embedded WebApplicationContext]
[2020-07-13 11:25:43.736][INFO][main o.s.b.w.s.context.ServletWebServerApplicationContext.prepareWebApplicationContext:285] - [Root WebApplicationContext: initialization completed in 838 ms]
[2020-07-13 11:25:43.937][INFO][main o.s.scheduling.concurrent.ThreadPoolTaskExecutor.initialize:181] - [Initializing ExecutorService 'applicationTaskExecutor']
[2020-07-13 11:25:43.999][INFO][main o.s.b.a.web.servlet.WelcomePageHandlerMapping.<init>:54] - [Adding welcome page: ServletContext resource [/index.html]]
[2020-07-13 11:25:44.067][INFO][main org.apache.coyote.http11.Http11NioProtocol.log:173] - [Starting ProtocolHandler ["http-nio-8080"]]
[2020-07-13 11:25:44.095][INFO][main o.s.boot.web.embedded.tomcat.TomcatWebServer.start:220] - [Tomcat started on port(s): 8080 (http) with context path '']
[2020-07-13 11:25:44.103][INFO][main com.example.socketio.SocketioApplication.logStarted:61] - [Started SocketioApplication in 1.59 seconds (JVM running for 3.362)]
[2020-07-13 11:25:44.104][INFO][main com.corundumstudio.socketio.SocketIOServer.startAsync:128] - [Session store / pubsub factory used: MemoryStoreFactory (local session store only)]
[2020-07-13 11:25:44.843][INFO][nioEventLoopGroup-2-1 com.corundumstudio.socketio.SocketIOServer.operationComplete:153] - [SocketIO server started at port: 18080]
[2020-07-13 11:25:49.965][INFO][http-nio-8080-exec-1 o.a.catalina.core.ContainerBase.[Tomcat].[localhost].[/].log:173] - [Initializing Spring DispatcherServlet 'dispatcherServlet']
[2020-07-13 11:25:49.967][INFO][http-nio-8080-exec-1 org.springframework.web.servlet.DispatcherServlet.initServletBean:525] - [Initializing Servlet 'dispatcherServlet']
[2020-07-13 11:25:49.975][INFO][http-nio-8080-exec-1 org.springframework.web.servlet.DispatcherServlet.initServletBean:547] - [Completed initialization in 8 ms]
[2020-07-13 11:26:07.027][INFO][SpringContextShutdownHook o.s.scheduling.concurrent.ThreadPoolTaskExecutor.shutdown:218] - [Shutting down ExecutorService 'applicationTaskExecutor']
[2020-07-13 11:26:11.195][INFO][SpringContextShutdownHook com.corundumstudio.socketio.SocketIOServer.stop:196] - [SocketIO server stopped]
[2020-07-13 11:26:11.196][INFO][SpringContextShutdownHook com.example.socketio.init.SocketIORunner.autoStop:99] - [socket.io销毁成功！]
[2020-07-13 11:26:14.714][INFO][main com.example.socketio.SocketioApplication.logStarting:55] - [Starting SocketioApplication on LAPTOP-NFQDMTR9 with PID 848 (E:\otherProjects\socketio\target\classes started by sq in E:\otherProjects\socketio)]
[2020-07-13 11:26:14.717][INFO][main com.example.socketio.SocketioApplication.logStartupProfileInfo:651] - [No active profile set, falling back to default profiles: default]
[2020-07-13 11:26:15.486][INFO][main o.s.boot.web.embedded.tomcat.TomcatWebServer.initialize:108] - [Tomcat initialized with port(s): 8080 (http)]
[2020-07-13 11:26:15.494][INFO][main org.apache.coyote.http11.Http11NioProtocol.log:173] - [Initializing ProtocolHandler ["http-nio-8080"]]
[2020-07-13 11:26:15.494][INFO][main org.apache.catalina.core.StandardService.log:173] - [Starting service [Tomcat]]
[2020-07-13 11:26:15.494][INFO][main org.apache.catalina.core.StandardEngine.log:173] - [Starting Servlet engine: [Apache Tomcat/9.0.36]]
[2020-07-13 11:26:15.569][INFO][main o.a.catalina.core.ContainerBase.[Tomcat].[localhost].[/].log:173] - [Initializing Spring embedded WebApplicationContext]
[2020-07-13 11:26:15.569][INFO][main o.s.b.w.s.context.ServletWebServerApplicationContext.prepareWebApplicationContext:285] - [Root WebApplicationContext: initialization completed in 817 ms]
[2020-07-13 11:26:15.755][INFO][main o.s.scheduling.concurrent.ThreadPoolTaskExecutor.initialize:181] - [Initializing ExecutorService 'applicationTaskExecutor']
[2020-07-13 11:26:15.806][INFO][main o.s.b.a.web.servlet.WelcomePageHandlerMapping.<init>:54] - [Adding welcome page: ServletContext resource [/index.html]]
[2020-07-13 11:26:15.868][INFO][main org.apache.coyote.http11.Http11NioProtocol.log:173] - [Starting ProtocolHandler ["http-nio-8080"]]
[2020-07-13 11:26:15.893][INFO][main o.s.boot.web.embedded.tomcat.TomcatWebServer.start:220] - [Tomcat started on port(s): 8080 (http) with context path '']
[2020-07-13 11:26:15.902][INFO][main com.example.socketio.SocketioApplication.logStarted:61] - [Started SocketioApplication in 1.702 seconds (JVM running for 2.92)]
[2020-07-13 11:26:15.903][INFO][main com.corundumstudio.socketio.SocketIOServer.startAsync:128] - [Session store / pubsub factory used: MemoryStoreFactory (local session store only)]
[2020-07-13 11:26:16.626][INFO][nioEventLoopGroup-2-1 com.corundumstudio.socketio.SocketIOServer.operationComplete:153] - [SocketIO server started at port: 18080]
[2020-07-13 11:26:21.569][INFO][http-nio-8080-exec-1 o.a.catalina.core.ContainerBase.[Tomcat].[localhost].[/].log:173] - [Initializing Spring DispatcherServlet 'dispatcherServlet']
[2020-07-13 11:26:21.569][INFO][http-nio-8080-exec-1 org.springframework.web.servlet.DispatcherServlet.initServletBean:525] - [Initializing Servlet 'dispatcherServlet']
[2020-07-13 11:26:21.575][INFO][http-nio-8080-exec-1 org.springframework.web.servlet.DispatcherServlet.initServletBean:547] - [Completed initialization in 5 ms]
[2020-07-13 13:11:28.464][INFO][SpringContextShutdownHook o.s.scheduling.concurrent.ThreadPoolTaskExecutor.shutdown:218] - [Shutting down ExecutorService 'applicationTaskExecutor']
[2020-07-13 13:11:32.709][INFO][SpringContextShutdownHook com.corundumstudio.socketio.SocketIOServer.stop:196] - [SocketIO server stopped]
[2020-07-13 13:11:32.710][INFO][SpringContextShutdownHook com.example.socketio.init.SocketIORunner.autoStop:99] - [socket.io销毁成功！]
[2020-07-13 13:13:54.162][INFO][main com.example.socketio.SocketioApplication.logStarting:55] - [Starting SocketioApplication on LAPTOP-NFQDMTR9 with PID 6868 (E:\otherProjects\socketio\target\classes started by sq in E:\otherProjects\socketio)]
[2020-07-13 13:13:54.164][INFO][main com.example.socketio.SocketioApplication.logStartupProfileInfo:651] - [No active profile set, falling back to default profiles: default]
[2020-07-13 13:13:54.927][INFO][main o.s.boot.web.embedded.tomcat.TomcatWebServer.initialize:108] - [Tomcat initialized with port(s): 8080 (http)]
[2020-07-13 13:13:54.935][INFO][main org.apache.coyote.http11.Http11NioProtocol.log:173] - [Initializing ProtocolHandler ["http-nio-8080"]]
[2020-07-13 13:13:54.935][INFO][main org.apache.catalina.core.StandardService.log:173] - [Starting service [Tomcat]]
[2020-07-13 13:13:54.936][INFO][main org.apache.catalina.core.StandardEngine.log:173] - [Starting Servlet engine: [Apache Tomcat/9.0.36]]
[2020-07-13 13:13:55.010][INFO][main o.a.catalina.core.ContainerBase.[Tomcat].[localhost].[/].log:173] - [Initializing Spring embedded WebApplicationContext]
[2020-07-13 13:13:55.011][INFO][main o.s.b.w.s.context.ServletWebServerApplicationContext.prepareWebApplicationContext:285] - [Root WebApplicationContext: initialization completed in 813 ms]
[2020-07-13 13:13:55.194][INFO][main o.s.scheduling.concurrent.ThreadPoolTaskExecutor.initialize:181] - [Initializing ExecutorService 'applicationTaskExecutor']
[2020-07-13 13:13:55.244][INFO][main o.s.b.a.web.servlet.WelcomePageHandlerMapping.<init>:54] - [Adding welcome page: ServletContext resource [/index.html]]
[2020-07-13 13:13:55.304][INFO][main org.apache.coyote.http11.Http11NioProtocol.log:173] - [Starting ProtocolHandler ["http-nio-8080"]]
[2020-07-13 13:13:55.327][INFO][main o.s.boot.web.embedded.tomcat.TomcatWebServer.start:220] - [Tomcat started on port(s): 8080 (http) with context path '']
[2020-07-13 13:13:55.334][INFO][main com.example.socketio.SocketioApplication.logStarted:61] - [Started SocketioApplication in 1.508 seconds (JVM running for 2.926)]
[2020-07-13 13:13:55.336][INFO][main com.corundumstudio.socketio.SocketIOServer.startAsync:128] - [Session store / pubsub factory used: MemoryStoreFactory (local session store only)]
[2020-07-13 13:13:56.093][INFO][nioEventLoopGroup-2-1 com.corundumstudio.socketio.SocketIOServer.operationComplete:153] - [SocketIO server started at port: 18080]
[2020-07-13 13:14:19.154][INFO][http-nio-8080-exec-1 o.a.catalina.core.ContainerBase.[Tomcat].[localhost].[/].log:173] - [Initializing Spring DispatcherServlet 'dispatcherServlet']
[2020-07-13 13:14:19.154][INFO][http-nio-8080-exec-1 org.springframework.web.servlet.DispatcherServlet.initServletBean:525] - [Initializing Servlet 'dispatcherServlet']
[2020-07-13 13:14:19.159][INFO][http-nio-8080-exec-1 org.springframework.web.servlet.DispatcherServlet.initServletBean:547] - [Completed initialization in 4 ms]
[2020-07-13 13:20:52.987][INFO][SpringContextShutdownHook o.s.scheduling.concurrent.ThreadPoolTaskExecutor.shutdown:218] - [Shutting down ExecutorService 'applicationTaskExecutor']
[2020-07-13 13:20:58.028][INFO][SpringContextShutdownHook com.corundumstudio.socketio.SocketIOServer.stop:196] - [SocketIO server stopped]
[2020-07-13 13:20:58.029][INFO][SpringContextShutdownHook com.example.socketio.init.SocketIORunner.autoStop:99] - [socket.io销毁成功！]
[2020-07-13 13:21:03.214][INFO][main com.example.socketio.SocketioApplication.logStarting:55] - [Starting SocketioApplication on LAPTOP-NFQDMTR9 with PID 11040 (E:\otherProjects\socketio\target\classes started by sq in E:\otherProjects\socketio)]
[2020-07-13 13:21:03.217][INFO][main com.example.socketio.SocketioApplication.logStartupProfileInfo:651] - [No active profile set, falling back to default profiles: default]
[2020-07-13 13:21:03.947][INFO][main o.s.boot.web.embedded.tomcat.TomcatWebServer.initialize:108] - [Tomcat initialized with port(s): 8080 (http)]
[2020-07-13 13:21:03.954][INFO][main org.apache.coyote.http11.Http11NioProtocol.log:173] - [Initializing ProtocolHandler ["http-nio-8080"]]
[2020-07-13 13:21:03.955][INFO][main org.apache.catalina.core.StandardService.log:173] - [Starting service [Tomcat]]
[2020-07-13 13:21:03.955][INFO][main org.apache.catalina.core.StandardEngine.log:173] - [Starting Servlet engine: [Apache Tomcat/9.0.36]]
[2020-07-13 13:21:04.030][INFO][main o.a.catalina.core.ContainerBase.[Tomcat].[localhost].[/].log:173] - [Initializing Spring embedded WebApplicationContext]
[2020-07-13 13:21:04.030][INFO][main o.s.b.w.s.context.ServletWebServerApplicationContext.prepareWebApplicationContext:285] - [Root WebApplicationContext: initialization completed in 777 ms]
[2020-07-13 13:21:04.212][INFO][main o.s.scheduling.concurrent.ThreadPoolTaskExecutor.initialize:181] - [Initializing ExecutorService 'applicationTaskExecutor']
[2020-07-13 13:21:04.263][INFO][main o.s.b.a.web.servlet.WelcomePageHandlerMapping.<init>:54] - [Adding welcome page: ServletContext resource [/index.html]]
[2020-07-13 13:21:04.321][INFO][main org.apache.coyote.http11.Http11NioProtocol.log:173] - [Starting ProtocolHandler ["http-nio-8080"]]
[2020-07-13 13:21:04.343][INFO][main o.s.boot.web.embedded.tomcat.TomcatWebServer.start:220] - [Tomcat started on port(s): 8080 (http) with context path '']
[2020-07-13 13:21:04.351][INFO][main com.example.socketio.SocketioApplication.logStarted:61] - [Started SocketioApplication in 1.629 seconds (JVM running for 2.827)]
[2020-07-13 13:21:04.353][INFO][main com.corundumstudio.socketio.SocketIOServer.startAsync:128] - [Session store / pubsub factory used: MemoryStoreFactory (local session store only)]
[2020-07-13 13:21:05.127][INFO][nioEventLoopGroup-2-1 com.corundumstudio.socketio.SocketIOServer.operationComplete:153] - [SocketIO server started at port: 18080]
[2020-07-13 13:21:13.135][INFO][http-nio-8080-exec-1 o.a.catalina.core.ContainerBase.[Tomcat].[localhost].[/].log:173] - [Initializing Spring DispatcherServlet 'dispatcherServlet']
[2020-07-13 13:21:13.135][INFO][http-nio-8080-exec-1 org.springframework.web.servlet.DispatcherServlet.initServletBean:525] - [Initializing Servlet 'dispatcherServlet']
[2020-07-13 13:21:13.140][INFO][http-nio-8080-exec-1 org.springframework.web.servlet.DispatcherServlet.initServletBean:547] - [Completed initialization in 5 ms]
[2020-07-13 13:22:28.558][INFO][SpringContextShutdownHook o.s.scheduling.concurrent.ThreadPoolTaskExecutor.shutdown:218] - [Shutting down ExecutorService 'applicationTaskExecutor']
[2020-07-13 13:22:32.699][INFO][SpringContextShutdownHook com.corundumstudio.socketio.SocketIOServer.stop:196] - [SocketIO server stopped]
[2020-07-13 13:22:32.700][INFO][SpringContextShutdownHook com.example.socketio.init.SocketIORunner.autoStop:99] - [socket.io销毁成功！]
[2020-07-13 13:22:53.039][INFO][main com.example.socketio.SocketioApplication.logStarting:55] - [Starting SocketioApplication on LAPTOP-NFQDMTR9 with PID 9416 (E:\otherProjects\socketio\target\classes started by sq in E:\otherProjects\socketio)]
[2020-07-13 13:22:53.043][INFO][main com.example.socketio.SocketioApplication.logStartupProfileInfo:651] - [No active profile set, falling back to default profiles: default]
[2020-07-13 13:22:53.803][INFO][main o.s.boot.web.embedded.tomcat.TomcatWebServer.initialize:108] - [Tomcat initialized with port(s): 8080 (http)]
[2020-07-13 13:22:53.811][INFO][main org.apache.coyote.http11.Http11NioProtocol.log:173] - [Initializing ProtocolHandler ["http-nio-8080"]]
[2020-07-13 13:22:53.811][INFO][main org.apache.catalina.core.StandardService.log:173] - [Starting service [Tomcat]]
[2020-07-13 13:22:53.811][INFO][main org.apache.catalina.core.StandardEngine.log:173] - [Starting Servlet engine: [Apache Tomcat/9.0.36]]
[2020-07-13 13:22:53.885][INFO][main o.a.catalina.core.ContainerBase.[Tomcat].[localhost].[/].log:173] - [Initializing Spring embedded WebApplicationContext]
[2020-07-13 13:22:53.885][INFO][main o.s.b.w.s.context.ServletWebServerApplicationContext.prepareWebApplicationContext:285] - [Root WebApplicationContext: initialization completed in 798 ms]
[2020-07-13 13:22:54.071][INFO][main o.s.scheduling.concurrent.ThreadPoolTaskExecutor.initialize:181] - [Initializing ExecutorService 'applicationTaskExecutor']
[2020-07-13 13:22:54.123][INFO][main o.s.b.a.web.servlet.WelcomePageHandlerMapping.<init>:54] - [Adding welcome page: ServletContext resource [/index.html]]
[2020-07-13 13:22:54.179][INFO][main org.apache.coyote.http11.Http11NioProtocol.log:173] - [Starting ProtocolHandler ["http-nio-8080"]]
[2020-07-13 13:22:54.201][INFO][main o.s.boot.web.embedded.tomcat.TomcatWebServer.start:220] - [Tomcat started on port(s): 8080 (http) with context path '']
[2020-07-13 13:22:54.209][INFO][main com.example.socketio.SocketioApplication.logStarted:61] - [Started SocketioApplication in 1.634 seconds (JVM running for 2.81)]
[2020-07-13 13:22:54.212][INFO][main com.corundumstudio.socketio.SocketIOServer.startAsync:128] - [Session store / pubsub factory used: MemoryStoreFactory (local session store only)]
[2020-07-13 13:22:54.958][INFO][nioEventLoopGroup-2-1 com.corundumstudio.socketio.SocketIOServer.operationComplete:153] - [SocketIO server started at port: 18080]
[2020-07-13 13:23:04.817][INFO][http-nio-8080-exec-1 o.a.catalina.core.ContainerBase.[Tomcat].[localhost].[/].log:173] - [Initializing Spring DispatcherServlet 'dispatcherServlet']
[2020-07-13 13:23:04.817][INFO][http-nio-8080-exec-1 org.springframework.web.servlet.DispatcherServlet.initServletBean:525] - [Initializing Servlet 'dispatcherServlet']
[2020-07-13 13:23:04.823][INFO][http-nio-8080-exec-1 org.springframework.web.servlet.DispatcherServlet.initServletBean:547] - [Completed initialization in 5 ms]
[2020-07-13 13:44:02.701][INFO][SpringContextShutdownHook o.s.scheduling.concurrent.ThreadPoolTaskExecutor.shutdown:218] - [Shutting down ExecutorService 'applicationTaskExecutor']
[2020-07-13 13:44:06.875][INFO][SpringContextShutdownHook com.corundumstudio.socketio.SocketIOServer.stop:196] - [SocketIO server stopped]
[2020-07-13 13:44:06.875][INFO][SpringContextShutdownHook com.example.socketio.init.SocketIORunner.autoStop:99] - [socket.io销毁成功！]
[2020-07-13 13:44:36.536][INFO][main com.example.socketio.SocketioApplication.logStarting:55] - [Starting SocketioApplication on LAPTOP-NFQDMTR9 with PID 12688 (E:\otherProjects\socketio\target\classes started by sq in E:\otherProjects\socketio)]
[2020-07-13 13:44:36.539][INFO][main com.example.socketio.SocketioApplication.logStartupProfileInfo:651] - [No active profile set, falling back to default profiles: default]
[2020-07-13 13:44:37.402][INFO][main o.s.boot.web.embedded.tomcat.TomcatWebServer.initialize:108] - [Tomcat initialized with port(s): 8080 (http)]
[2020-07-13 13:44:37.411][INFO][main org.apache.coyote.http11.Http11NioProtocol.log:173] - [Initializing ProtocolHandler ["http-nio-8080"]]
[2020-07-13 13:44:37.412][INFO][main org.apache.catalina.core.StandardService.log:173] - [Starting service [Tomcat]]
[2020-07-13 13:44:37.412][INFO][main org.apache.catalina.core.StandardEngine.log:173] - [Starting Servlet engine: [Apache Tomcat/9.0.36]]
[2020-07-13 13:44:37.492][INFO][main o.a.catalina.core.ContainerBase.[Tomcat].[localhost].[/].log:173] - [Initializing Spring embedded WebApplicationContext]
[2020-07-13 13:44:37.493][INFO][main o.s.b.w.s.context.ServletWebServerApplicationContext.prepareWebApplicationContext:285] - [Root WebApplicationContext: initialization completed in 916 ms]
[2020-07-13 13:44:37.716][INFO][main o.s.scheduling.concurrent.ThreadPoolTaskExecutor.initialize:181] - [Initializing ExecutorService 'applicationTaskExecutor']
[2020-07-13 13:44:37.771][INFO][main o.s.b.a.web.servlet.WelcomePageHandlerMapping.<init>:54] - [Adding welcome page: ServletContext resource [/index.html]]
[2020-07-13 13:44:37.833][INFO][main org.apache.coyote.http11.Http11NioProtocol.log:173] - [Starting ProtocolHandler ["http-nio-8080"]]
[2020-07-13 13:44:37.866][INFO][main o.s.boot.web.embedded.tomcat.TomcatWebServer.start:220] - [Tomcat started on port(s): 8080 (http) with context path '']
[2020-07-13 13:44:37.874][INFO][main com.example.socketio.SocketioApplication.logStarted:61] - [Started SocketioApplication in 1.896 seconds (JVM running for 3.297)]
[2020-07-13 13:44:37.875][INFO][main com.corundumstudio.socketio.SocketIOServer.startAsync:128] - [Session store / pubsub factory used: MemoryStoreFactory (local session store only)]
[2020-07-13 13:44:38.661][INFO][nioEventLoopGroup-2-1 com.corundumstudio.socketio.SocketIOServer.operationComplete:153] - [SocketIO server started at port: 18080]
[2020-07-13 13:45:00.734][INFO][http-nio-8080-exec-1 o.a.catalina.core.ContainerBase.[Tomcat].[localhost].[/].log:173] - [Initializing Spring DispatcherServlet 'dispatcherServlet']
[2020-07-13 13:45:00.734][INFO][http-nio-8080-exec-1 org.springframework.web.servlet.DispatcherServlet.initServletBean:525] - [Initializing Servlet 'dispatcherServlet']
[2020-07-13 13:45:00.738][INFO][http-nio-8080-exec-1 org.springframework.web.servlet.DispatcherServlet.initServletBean:547] - [Completed initialization in 4 ms]
[2020-07-13 13:45:33.259][INFO][nioEventLoopGroup-3-9 com.example.socketio.init.SocketIORunner.lambda$run$1:75] - [客户端（ip:[192.168.14.37]）userId=[null]已断开与socket服务器的连接]
[2020-07-13 13:45:50.746][INFO][SpringContextShutdownHook o.s.scheduling.concurrent.ThreadPoolTaskExecutor.shutdown:218] - [Shutting down ExecutorService 'applicationTaskExecutor']
[2020-07-13 13:45:54.944][INFO][SpringContextShutdownHook com.corundumstudio.socketio.SocketIOServer.stop:196] - [SocketIO server stopped]
[2020-07-13 13:45:54.945][INFO][SpringContextShutdownHook com.example.socketio.init.SocketIORunner.autoStop:99] - [socket.io销毁成功！]
[2020-07-13 13:46:01.043][INFO][main com.example.socketio.SocketioApplication.logStarting:55] - [Starting SocketioApplication on LAPTOP-NFQDMTR9 with PID 10060 (E:\otherProjects\socketio\target\classes started by sq in E:\otherProjects\socketio)]
[2020-07-13 13:46:01.047][INFO][main com.example.socketio.SocketioApplication.logStartupProfileInfo:651] - [No active profile set, falling back to default profiles: default]
[2020-07-13 13:46:01.950][INFO][main o.s.boot.web.embedded.tomcat.TomcatWebServer.initialize:108] - [Tomcat initialized with port(s): 8080 (http)]
[2020-07-13 13:46:01.958][INFO][main org.apache.coyote.http11.Http11NioProtocol.log:173] - [Initializing ProtocolHandler ["http-nio-8080"]]
[2020-07-13 13:46:01.958][INFO][main org.apache.catalina.core.StandardService.log:173] - [Starting service [Tomcat]]
[2020-07-13 13:46:01.959][INFO][main org.apache.catalina.core.StandardEngine.log:173] - [Starting Servlet engine: [Apache Tomcat/9.0.36]]
[2020-07-13 13:46:02.036][INFO][main o.a.catalina.core.ContainerBase.[Tomcat].[localhost].[/].log:173] - [Initializing Spring embedded WebApplicationContext]
[2020-07-13 13:46:02.036][INFO][main o.s.b.w.s.context.ServletWebServerApplicationContext.prepareWebApplicationContext:285] - [Root WebApplicationContext: initialization completed in 947 ms]
[2020-07-13 13:46:02.238][INFO][main o.s.scheduling.concurrent.ThreadPoolTaskExecutor.initialize:181] - [Initializing ExecutorService 'applicationTaskExecutor']
[2020-07-13 13:46:02.297][INFO][main o.s.b.a.web.servlet.WelcomePageHandlerMapping.<init>:54] - [Adding welcome page: ServletContext resource [/index.html]]
[2020-07-13 13:46:02.362][INFO][main org.apache.coyote.http11.Http11NioProtocol.log:173] - [Starting ProtocolHandler ["http-nio-8080"]]
[2020-07-13 13:46:02.385][INFO][main o.s.boot.web.embedded.tomcat.TomcatWebServer.start:220] - [Tomcat started on port(s): 8080 (http) with context path '']
[2020-07-13 13:46:02.393][INFO][main com.example.socketio.SocketioApplication.logStarted:61] - [Started SocketioApplication in 1.973 seconds (JVM running for 3.222)]
[2020-07-13 13:46:02.394][INFO][main com.corundumstudio.socketio.SocketIOServer.startAsync:128] - [Session store / pubsub factory used: MemoryStoreFactory (local session store only)]
[2020-07-13 13:46:03.166][INFO][nioEventLoopGroup-2-1 com.corundumstudio.socketio.SocketIOServer.operationComplete:153] - [SocketIO server started at port: 18080]
[2020-07-13 13:46:09.908][INFO][http-nio-8080-exec-2 o.a.catalina.core.ContainerBase.[Tomcat].[localhost].[/].log:173] - [Initializing Spring DispatcherServlet 'dispatcherServlet']
[2020-07-13 13:46:09.909][INFO][http-nio-8080-exec-2 org.springframework.web.servlet.DispatcherServlet.initServletBean:525] - [Initializing Servlet 'dispatcherServlet']
[2020-07-13 13:46:09.916][INFO][http-nio-8080-exec-2 org.springframework.web.servlet.DispatcherServlet.initServletBean:547] - [Completed initialization in 7 ms]
[2020-07-13 13:46:17.681][INFO][nioEventLoopGroup-3-2 com.example.socketio.init.SocketIORunner.lambda$run$0:50] - [客户端（ip:[192.168.14.37]）userId=[2]建立与socket服务器的连接]
[2020-07-13 14:02:23.359][INFO][SpringContextShutdownHook o.s.scheduling.concurrent.ThreadPoolTaskExecutor.shutdown:218] - [Shutting down ExecutorService 'applicationTaskExecutor']
[2020-07-13 14:02:25.451][INFO][nioEventLoopGroup-3-3 com.example.socketio.init.SocketIORunner.lambda$run$1:75] - [客户端（ip:[192.168.14.37]）userId=[2]已断开与socket服务器的连接]
[2020-07-13 14:02:27.563][INFO][SpringContextShutdownHook com.corundumstudio.socketio.SocketIOServer.stop:196] - [SocketIO server stopped]
[2020-07-13 14:02:27.564][INFO][SpringContextShutdownHook com.example.socketio.init.SocketIORunner.autoStop:99] - [socket.io销毁成功！]
[2020-07-13 14:02:33.784][INFO][main com.example.socketio.SocketioApplication.logStarting:55] - [Starting SocketioApplication on LAPTOP-NFQDMTR9 with PID 8492 (E:\otherProjects\socketio\target\classes started by sq in E:\otherProjects\socketio)]
[2020-07-13 14:02:33.788][INFO][main com.example.socketio.SocketioApplication.logStartupProfileInfo:651] - [No active profile set, falling back to default profiles: default]
[2020-07-13 14:02:34.603][INFO][main o.s.boot.web.embedded.tomcat.TomcatWebServer.initialize:108] - [Tomcat initialized with port(s): 8080 (http)]
[2020-07-13 14:02:34.611][INFO][main org.apache.coyote.http11.Http11NioProtocol.log:173] - [Initializing ProtocolHandler ["http-nio-8080"]]
[2020-07-13 14:02:34.612][INFO][main org.apache.catalina.core.StandardService.log:173] - [Starting service [Tomcat]]
[2020-07-13 14:02:34.612][INFO][main org.apache.catalina.core.StandardEngine.log:173] - [Starting Servlet engine: [Apache Tomcat/9.0.36]]
[2020-07-13 14:02:34.689][INFO][main o.a.catalina.core.ContainerBase.[Tomcat].[localhost].[/].log:173] - [Initializing Spring embedded WebApplicationContext]
[2020-07-13 14:02:34.689][INFO][main o.s.b.w.s.context.ServletWebServerApplicationContext.prepareWebApplicationContext:285] - [Root WebApplicationContext: initialization completed in 847 ms]
[2020-07-13 14:02:34.893][INFO][main o.s.scheduling.concurrent.ThreadPoolTaskExecutor.initialize:181] - [Initializing ExecutorService 'applicationTaskExecutor']
[2020-07-13 14:02:34.955][INFO][main o.s.b.a.web.servlet.WelcomePageHandlerMapping.<init>:54] - [Adding welcome page: ServletContext resource [/index.html]]
[2020-07-13 14:02:35.042][INFO][main org.apache.coyote.http11.Http11NioProtocol.log:173] - [Starting ProtocolHandler ["http-nio-8080"]]
[2020-07-13 14:02:35.072][INFO][main o.s.boot.web.embedded.tomcat.TomcatWebServer.start:220] - [Tomcat started on port(s): 8080 (http) with context path '']
[2020-07-13 14:02:35.082][INFO][main com.example.socketio.SocketioApplication.logStarted:61] - [Started SocketioApplication in 1.819 seconds (JVM running for 3.023)]
[2020-07-13 14:02:35.084][INFO][main com.corundumstudio.socketio.SocketIOServer.startAsync:128] - [Session store / pubsub factory used: MemoryStoreFactory (local session store only)]
[2020-07-13 14:02:35.929][INFO][nioEventLoopGroup-2-1 com.corundumstudio.socketio.SocketIOServer.operationComplete:153] - [SocketIO server started at port: 18080]
[2020-07-13 14:02:43.542][INFO][nioEventLoopGroup-3-2 com.example.socketio.init.SocketIORunner.lambda$run$0:50] - [客户端（ip:[192.168.14.37]）userId=[2]建立与socket服务器的连接]
[2020-07-13 14:02:52.113][INFO][http-nio-8080-exec-1 o.a.catalina.core.ContainerBase.[Tomcat].[localhost].[/].log:173] - [Initializing Spring DispatcherServlet 'dispatcherServlet']
[2020-07-13 14:02:52.114][INFO][http-nio-8080-exec-1 org.springframework.web.servlet.DispatcherServlet.initServletBean:525] - [Initializing Servlet 'dispatcherServlet']
[2020-07-13 14:02:52.118][INFO][http-nio-8080-exec-1 org.springframework.web.servlet.DispatcherServlet.initServletBean:547] - [Completed initialization in 4 ms]
[2020-07-13 14:02:56.185][INFO][nioEventLoopGroup-3-3 com.example.socketio.init.SocketIORunner.lambda$run$1:75] - [客户端（ip:[192.168.14.37]）userId=[2]已断开与socket服务器的连接]
[2020-07-13 14:02:58.265][INFO][nioEventLoopGroup-3-8 com.example.socketio.init.SocketIORunner.lambda$run$0:50] - [客户端（ip:[192.168.14.37]）userId=[2]建立与socket服务器的连接]
[2020-07-13 14:04:29.161][INFO][SpringContextShutdownHook o.s.scheduling.concurrent.ThreadPoolTaskExecutor.shutdown:218] - [Shutting down ExecutorService 'applicationTaskExecutor']
[2020-07-13 14:04:31.225][INFO][nioEventLoopGroup-3-9 com.example.socketio.init.SocketIORunner.lambda$run$1:75] - [客户端（ip:[192.168.14.37]）userId=[2]已断开与socket服务器的连接]
[2020-07-13 14:04:33.341][INFO][SpringContextShutdownHook com.corundumstudio.socketio.SocketIOServer.stop:196] - [SocketIO server stopped]
[2020-07-13 14:04:33.342][INFO][SpringContextShutdownHook com.example.socketio.init.SocketIORunner.autoStop:99] - [socket.io销毁成功！]
[2020-07-13 14:04:36.719][INFO][main com.example.socketio.SocketioApplication.logStarting:55] - [Starting SocketioApplication on LAPTOP-NFQDMTR9 with PID 16920 (E:\otherProjects\socketio\target\classes started by sq in E:\otherProjects\socketio)]
[2020-07-13 14:04:36.723][INFO][main com.example.socketio.SocketioApplication.logStartupProfileInfo:651] - [No active profile set, falling back to default profiles: default]
[2020-07-13 14:04:37.539][INFO][main o.s.boot.web.embedded.tomcat.TomcatWebServer.initialize:108] - [Tomcat initialized with port(s): 8080 (http)]
[2020-07-13 14:04:37.547][INFO][main org.apache.coyote.http11.Http11NioProtocol.log:173] - [Initializing ProtocolHandler ["http-nio-8080"]]
[2020-07-13 14:04:37.547][INFO][main org.apache.catalina.core.StandardService.log:173] - [Starting service [Tomcat]]
[2020-07-13 14:04:37.548][INFO][main org.apache.catalina.core.StandardEngine.log:173] - [Starting Servlet engine: [Apache Tomcat/9.0.36]]
[2020-07-13 14:04:37.625][INFO][main o.a.catalina.core.ContainerBase.[Tomcat].[localhost].[/].log:173] - [Initializing Spring embedded WebApplicationContext]
[2020-07-13 14:04:37.626][INFO][main o.s.b.w.s.context.ServletWebServerApplicationContext.prepareWebApplicationContext:285] - [Root WebApplicationContext: initialization completed in 852 ms]
[2020-07-13 14:04:37.823][INFO][main o.s.scheduling.concurrent.ThreadPoolTaskExecutor.initialize:181] - [Initializing ExecutorService 'applicationTaskExecutor']
[2020-07-13 14:04:37.876][INFO][main o.s.b.a.web.servlet.WelcomePageHandlerMapping.<init>:54] - [Adding welcome page: ServletContext resource [/index.html]]
[2020-07-13 14:04:37.937][INFO][main org.apache.coyote.http11.Http11NioProtocol.log:173] - [Starting ProtocolHandler ["http-nio-8080"]]
[2020-07-13 14:04:37.965][INFO][main o.s.boot.web.embedded.tomcat.TomcatWebServer.start:220] - [Tomcat started on port(s): 8080 (http) with context path '']
[2020-07-13 14:04:37.975][INFO][main com.example.socketio.SocketioApplication.logStarted:61] - [Started SocketioApplication in 1.756 seconds (JVM running for 2.973)]
[2020-07-13 14:04:37.976][INFO][main com.corundumstudio.socketio.SocketIOServer.startAsync:128] - [Session store / pubsub factory used: MemoryStoreFactory (local session store only)]
[2020-07-13 14:04:38.730][INFO][nioEventLoopGroup-2-1 com.corundumstudio.socketio.SocketIOServer.operationComplete:153] - [SocketIO server started at port: 18080]
[2020-07-13 14:04:42.568][INFO][nioEventLoopGroup-3-2 com.example.socketio.init.SocketIORunner.lambda$run$0:50] - [客户端（ip:[192.168.14.37]）userId=[2]建立与socket服务器的连接]
[2020-07-13 14:04:59.454][INFO][http-nio-8080-exec-1 o.a.catalina.core.ContainerBase.[Tomcat].[localhost].[/].log:173] - [Initializing Spring DispatcherServlet 'dispatcherServlet']
[2020-07-13 14:04:59.454][INFO][http-nio-8080-exec-1 org.springframework.web.servlet.DispatcherServlet.initServletBean:525] - [Initializing Servlet 'dispatcherServlet']
[2020-07-13 14:04:59.458][INFO][http-nio-8080-exec-1 org.springframework.web.servlet.DispatcherServlet.initServletBean:547] - [Completed initialization in 4 ms]
[2020-07-13 14:05:08.173][INFO][nioEventLoopGroup-3-3 com.example.socketio.init.SocketIORunner.lambda$run$1:75] - [客户端（ip:[192.168.14.37]）userId=[2]已断开与socket服务器的连接]
[2020-07-13 14:05:14.618][INFO][nioEventLoopGroup-3-7 com.example.socketio.init.SocketIORunner.lambda$run$0:50] - [客户端（ip:[192.168.14.37]）userId=[1]建立与socket服务器的连接]
[2020-07-13 14:05:20.859][INFO][nioEventLoopGroup-3-8 com.example.socketio.init.SocketIORunner.lambda$run$1:75] - [客户端（ip:[192.168.14.37]）userId=[1]已断开与socket服务器的连接]
[2020-07-13 14:05:22.034][INFO][nioEventLoopGroup-3-12 com.example.socketio.init.SocketIORunner.lambda$run$0:50] - [客户端（ip:[192.168.14.37]）userId=[1]建立与socket服务器的连接]
[2020-07-13 14:05:51.981][INFO][nioEventLoopGroup-3-13 com.example.socketio.init.SocketIORunner.lambda$run$1:75] - [客户端（ip:[192.168.14.37]）userId=[1]已断开与socket服务器的连接]
[2020-07-13 14:05:53.752][INFO][nioEventLoopGroup-3-17 com.example.socketio.init.SocketIORunner.lambda$run$0:50] - [客户端（ip:[192.168.14.37]）userId=[1]建立与socket服务器的连接]
[2020-07-13 14:06:08.541][INFO][nioEventLoopGroup-3-18 com.example.socketio.init.SocketIORunner.lambda$run$1:75] - [客户端（ip:[192.168.14.37]）userId=[1]已断开与socket服务器的连接]
[2020-07-13 14:06:09.041][INFO][SpringContextShutdownHook o.s.scheduling.concurrent.ThreadPoolTaskExecutor.shutdown:218] - [Shutting down ExecutorService 'applicationTaskExecutor']
[2020-07-13 14:06:13.200][INFO][SpringContextShutdownHook com.corundumstudio.socketio.SocketIOServer.stop:196] - [SocketIO server stopped]
[2020-07-13 14:06:13.201][INFO][SpringContextShutdownHook com.example.socketio.init.SocketIORunner.autoStop:99] - [socket.io销毁成功！]
[2020-07-13 14:06:16.834][INFO][main com.example.socketio.SocketioApplication.logStarting:55] - [Starting SocketioApplication on LAPTOP-NFQDMTR9 with PID 4544 (E:\otherProjects\socketio\target\classes started by sq in E:\otherProjects\socketio)]
[2020-07-13 14:06:16.837][INFO][main com.example.socketio.SocketioApplication.logStartupProfileInfo:651] - [No active profile set, falling back to default profiles: default]
[2020-07-13 14:06:17.603][INFO][main o.s.boot.web.embedded.tomcat.TomcatWebServer.initialize:108] - [Tomcat initialized with port(s): 8080 (http)]
[2020-07-13 14:06:17.611][INFO][main org.apache.coyote.http11.Http11NioProtocol.log:173] - [Initializing ProtocolHandler ["http-nio-8080"]]
[2020-07-13 14:06:17.612][INFO][main org.apache.catalina.core.StandardService.log:173] - [Starting service [Tomcat]]
[2020-07-13 14:06:17.612][INFO][main org.apache.catalina.core.StandardEngine.log:173] - [Starting Servlet engine: [Apache Tomcat/9.0.36]]
[2020-07-13 14:06:17.691][INFO][main o.a.catalina.core.ContainerBase.[Tomcat].[localhost].[/].log:173] - [Initializing Spring embedded WebApplicationContext]
[2020-07-13 14:06:17.692][INFO][main o.s.b.w.s.context.ServletWebServerApplicationContext.prepareWebApplicationContext:285] - [Root WebApplicationContext: initialization completed in 818 ms]
[2020-07-13 14:06:17.905][INFO][main o.s.scheduling.concurrent.ThreadPoolTaskExecutor.initialize:181] - [Initializing ExecutorService 'applicationTaskExecutor']
[2020-07-13 14:06:17.958][INFO][main o.s.b.a.web.servlet.WelcomePageHandlerMapping.<init>:54] - [Adding welcome page: ServletContext resource [/index.html]]
[2020-07-13 14:06:18.019][INFO][main org.apache.coyote.http11.Http11NioProtocol.log:173] - [Starting ProtocolHandler ["http-nio-8080"]]
[2020-07-13 14:06:18.042][INFO][main o.s.boot.web.embedded.tomcat.TomcatWebServer.start:220] - [Tomcat started on port(s): 8080 (http) with context path '']
[2020-07-13 14:06:18.050][INFO][main com.example.socketio.SocketioApplication.logStarted:61] - [Started SocketioApplication in 1.707 seconds (JVM running for 2.918)]
[2020-07-13 14:06:18.052][INFO][main com.corundumstudio.socketio.SocketIOServer.startAsync:128] - [Session store / pubsub factory used: MemoryStoreFactory (local session store only)]
[2020-07-13 14:06:18.879][INFO][nioEventLoopGroup-2-1 com.corundumstudio.socketio.SocketIOServer.operationComplete:153] - [SocketIO server started at port: 18080]
[2020-07-13 14:09:22.881][INFO][http-nio-8080-exec-1 o.a.catalina.core.ContainerBase.[Tomcat].[localhost].[/].log:173] - [Initializing Spring DispatcherServlet 'dispatcherServlet']
[2020-07-13 14:09:22.881][INFO][http-nio-8080-exec-1 org.springframework.web.servlet.DispatcherServlet.initServletBean:525] - [Initializing Servlet 'dispatcherServlet']
[2020-07-13 14:09:22.887][INFO][http-nio-8080-exec-1 org.springframework.web.servlet.DispatcherServlet.initServletBean:547] - [Completed initialization in 6 ms]
[2020-07-13 14:09:28.479][INFO][nioEventLoopGroup-3-2 com.example.socketio.init.SocketIORunner.lambda$run$0:50] - [客户端（ip:[192.168.14.37]）userId=[1]建立与socket服务器的连接]
[2020-07-13 14:09:52.515][INFO][nioEventLoopGroup-3-8 com.example.socketio.init.SocketIORunner.lambda$run$0:50] - [客户端（ip:[192.168.14.37]）userId=[2]建立与socket服务器的连接]
[2020-07-13 14:10:05.958][INFO][nioEventLoopGroup-3-3 com.example.socketio.init.SocketIORunner.lambda$run$1:75] - [客户端（ip:[192.168.14.37]）userId=[1]已断开与socket服务器的连接]
[2020-07-13 14:10:06.278][INFO][nioEventLoopGroup-3-14 com.example.socketio.init.SocketIORunner.lambda$run$0:50] - [客户端（ip:[192.168.14.37]）userId=[1]建立与socket服务器的连接]
[2020-07-13 14:10:10.643][INFO][nioEventLoopGroup-3-10 com.example.socketio.init.SocketIORunner.lambda$run$1:75] - [客户端（ip:[192.168.14.37]）userId=[2]已断开与socket服务器的连接]
[2020-07-13 14:10:11.270][INFO][nioEventLoopGroup-3-18 com.example.socketio.init.SocketIORunner.lambda$run$0:50] - [客户端（ip:[192.168.14.37]）userId=[2]建立与socket服务器的连接]
[2020-07-13 14:15:12.462][INFO][SpringContextShutdownHook o.s.scheduling.concurrent.ThreadPoolTaskExecutor.shutdown:218] - [Shutting down ExecutorService 'applicationTaskExecutor']
[2020-07-13 14:15:14.509][INFO][nioEventLoopGroup-3-15 com.example.socketio.init.SocketIORunner.lambda$run$1:75] - [客户端（ip:[192.168.14.37]）userId=[1]已断开与socket服务器的连接]
[2020-07-13 14:15:14.509][INFO][nioEventLoopGroup-3-19 com.example.socketio.init.SocketIORunner.lambda$run$1:75] - [客户端（ip:[192.168.14.37]）userId=[2]已断开与socket服务器的连接]
[2020-07-13 14:15:16.600][INFO][SpringContextShutdownHook com.corundumstudio.socketio.SocketIOServer.stop:196] - [SocketIO server stopped]
[2020-07-13 14:15:16.601][INFO][SpringContextShutdownHook com.example.socketio.init.SocketIORunner.autoStop:99] - [socket.io销毁成功！]
[2020-07-13 14:15:22.269][INFO][main com.example.socketio.SocketioApplication.logStarting:55] - [Starting SocketioApplication on LAPTOP-NFQDMTR9 with PID 32 (E:\otherProjects\socketio\target\classes started by sq in E:\otherProjects\socketio)]
[2020-07-13 14:15:22.272][INFO][main com.example.socketio.SocketioApplication.logStartupProfileInfo:651] - [No active profile set, falling back to default profiles: default]
[2020-07-13 14:15:23.066][INFO][main o.s.boot.web.embedded.tomcat.TomcatWebServer.initialize:108] - [Tomcat initialized with port(s): 8080 (http)]
[2020-07-13 14:15:23.073][INFO][main org.apache.coyote.http11.Http11NioProtocol.log:173] - [Initializing ProtocolHandler ["http-nio-8080"]]
[2020-07-13 14:15:23.074][INFO][main org.apache.catalina.core.StandardService.log:173] - [Starting service [Tomcat]]
[2020-07-13 14:15:23.074][INFO][main org.apache.catalina.core.StandardEngine.log:173] - [Starting Servlet engine: [Apache Tomcat/9.0.36]]
[2020-07-13 14:15:23.149][INFO][main o.a.catalina.core.ContainerBase.[Tomcat].[localhost].[/].log:173] - [Initializing Spring embedded WebApplicationContext]
[2020-07-13 14:15:23.149][INFO][main o.s.b.w.s.context.ServletWebServerApplicationContext.prepareWebApplicationContext:285] - [Root WebApplicationContext: initialization completed in 832 ms]
[2020-07-13 14:15:23.348][INFO][main o.s.scheduling.concurrent.ThreadPoolTaskExecutor.initialize:181] - [Initializing ExecutorService 'applicationTaskExecutor']
[2020-07-13 14:15:23.411][INFO][main o.s.b.a.web.servlet.WelcomePageHandlerMapping.<init>:54] - [Adding welcome page: ServletContext resource [/index.html]]
[2020-07-13 14:15:23.474][INFO][main org.apache.coyote.http11.Http11NioProtocol.log:173] - [Starting ProtocolHandler ["http-nio-8080"]]
[2020-07-13 14:15:23.509][INFO][main o.s.boot.web.embedded.tomcat.TomcatWebServer.start:220] - [Tomcat started on port(s): 8080 (http) with context path '']
[2020-07-13 14:15:23.518][INFO][main com.example.socketio.SocketioApplication.logStarted:61] - [Started SocketioApplication in 1.675 seconds (JVM running for 3.499)]
[2020-07-13 14:15:23.520][INFO][main com.corundumstudio.socketio.SocketIOServer.startAsync:128] - [Session store / pubsub factory used: MemoryStoreFactory (local session store only)]
[2020-07-13 14:15:24.322][INFO][nioEventLoopGroup-2-1 com.corundumstudio.socketio.SocketIOServer.operationComplete:153] - [SocketIO server started at port: 18080]
[2020-07-13 14:15:32.079][INFO][nioEventLoopGroup-3-4 com.example.socketio.init.SocketIORunner.lambda$run$0:50] - [客户端（ip:[192.168.14.37]）userId=[2]建立与socket服务器的连接]
[2020-07-13 14:15:40.391][INFO][http-nio-8080-exec-1 o.a.catalina.core.ContainerBase.[Tomcat].[localhost].[/].log:173] - [Initializing Spring DispatcherServlet 'dispatcherServlet']
[2020-07-13 14:15:40.392][INFO][http-nio-8080-exec-1 org.springframework.web.servlet.DispatcherServlet.initServletBean:525] - [Initializing Servlet 'dispatcherServlet']
[2020-07-13 14:15:40.397][INFO][http-nio-8080-exec-1 org.springframework.web.servlet.DispatcherServlet.initServletBean:547] - [Completed initialization in 5 ms]
[2020-07-13 14:15:42.191][INFO][nioEventLoopGroup-3-8 com.example.socketio.init.SocketIORunner.lambda$run$0:50] - [客户端（ip:[192.168.14.37]）userId=[1]建立与socket服务器的连接]
[2020-07-13 14:15:46.184][INFO][nioEventLoopGroup-3-3 com.example.socketio.init.SocketIORunner.lambda$run$1:75] - [客户端（ip:[192.168.14.37]）userId=[2]已断开与socket服务器的连接]
[2020-07-13 14:15:46.831][INFO][nioEventLoopGroup-3-12 com.example.socketio.init.SocketIORunner.lambda$run$0:50] - [客户端（ip:[192.168.14.37]）userId=[2]建立与socket服务器的连接]
[2020-07-13 14:22:32.527][INFO][nioEventLoopGroup-3-13 com.example.socketio.init.SocketIORunner.lambda$run$1:75] - [客户端（ip:[192.168.14.37]）userId=[2]已断开与socket服务器的连接]
[2020-07-13 14:22:33.108][INFO][nioEventLoopGroup-3-10 com.example.socketio.init.SocketIORunner.lambda$run$1:75] - [客户端（ip:[192.168.14.37]）userId=[1]已断开与socket服务器的连接]
[2020-07-13 14:30:48.794][INFO][SpringContextShutdownHook o.s.scheduling.concurrent.ThreadPoolTaskExecutor.shutdown:218] - [Shutting down ExecutorService 'applicationTaskExecutor']
